<?xml version="1.0" encoding="UTF-8"?>
<testsuite name="org.apache.bcel.generic.ConstantPoolGen_ESTest" time="0.308" tests="159" errors="0" skipped="0" failures="0">
  <properties>
    <property name="java.runtime.name" value="OpenJDK Runtime Environment"/>
    <property name="sun.boot.library.path" value="/usr/lib/jvm/java-8-openjdk-amd64/jre/lib/amd64"/>
    <property name="java.vm.version" value="25.312-b07"/>
    <property name="java.vm.vendor" value="Private Build"/>
    <property name="maven.multiModuleProjectDirectory" value="/media/soneya/extradrive1/toga-eval-issta-2023/issta-artifacts-nov-10/evosuite-artifacts/bcel-6.5.0-src"/>
    <property name="java.vendor.url" value="http://java.oracle.com/"/>
    <property name="path.separator" value=":"/>
    <property name="guice.disable.misplaced.annotation.check" value="true"/>
    <property name="java.vm.name" value="OpenJDK 64-Bit Server VM"/>
    <property name="file.encoding.pkg" value="sun.io"/>
    <property name="user.country" value="US"/>
    <property name="sun.java.launcher" value="SUN_STANDARD"/>
    <property name="sun.os.patch.level" value="unknown"/>
    <property name="java.vm.specification.name" value="Java Virtual Machine Specification"/>
    <property name="user.dir" value="/media/soneya/extradrive1/toga-eval-issta-2023/issta-artifacts-nov-10/evosuite-artifacts/bcel-6.5.0-src"/>
    <property name="java.runtime.version" value="1.8.0_312-8u312-b07-0ubuntu1~20.04-b07"/>
    <property name="java.awt.graphicsenv" value="sun.awt.X11GraphicsEnvironment"/>
    <property name="java.endorsed.dirs" value="/usr/lib/jvm/java-8-openjdk-amd64/jre/lib/endorsed"/>
    <property name="os.arch" value="amd64"/>
    <property name="java.io.tmpdir" value="/tmp"/>
    <property name="line.separator" value="&#10;"/>
    <property name="java.vm.specification.vendor" value="Oracle Corporation"/>
    <property name="os.name" value="Linux"/>
    <property name="classworlds.conf" value="/usr/share/maven/bin/m2.conf"/>
    <property name="sun.jnu.encoding" value="UTF-8"/>
    <property name="java.library.path" value="/usr/java/packages/lib/amd64:/usr/lib/x86_64-linux-gnu/jni:/lib/x86_64-linux-gnu:/usr/lib/x86_64-linux-gnu:/usr/lib/jni:/lib:/usr/lib"/>
    <property name="maven.conf" value="/usr/share/maven/conf"/>
    <property name="java.specification.name" value="Java Platform API Specification"/>
    <property name="java.class.version" value="52.0"/>
    <property name="sun.management.compiler" value="HotSpot 64-Bit Tiered Compilers"/>
    <property name="os.version" value="5.13.0-41-generic"/>
    <property name="library.jansi.path" value="/usr/share/maven/lib/jansi-native"/>
    <property name="user.home" value="/home/soneya"/>
    <property name="user.timezone" value="America/New_York"/>
    <property name="java.awt.printerjob" value="sun.print.PSPrinterJob"/>
    <property name="java.specification.version" value="1.8"/>
    <property name="file.encoding" value="UTF-8"/>
    <property name="user.name" value="soneya"/>
    <property name="java.class.path" value="/usr/share/maven/boot/plexus-classworlds-2.x.jar"/>
    <property name="java.vm.specification.version" value="1.8"/>
    <property name="sun.arch.data.model" value="64"/>
    <property name="java.home" value="/usr/lib/jvm/java-8-openjdk-amd64/jre"/>
    <property name="sun.java.command" value="org.codehaus.plexus.classworlds.launcher.Launcher clean test"/>
    <property name="java.specification.vendor" value="Oracle Corporation"/>
    <property name="user.language" value="en"/>
    <property name="awt.toolkit" value="sun.awt.X11.XToolkit"/>
    <property name="java.vm.info" value="mixed mode"/>
    <property name="java.version" value="1.8.0_312"/>
    <property name="java.ext.dirs" value="/usr/lib/jvm/java-8-openjdk-amd64/jre/lib/ext:/usr/java/packages/lib/ext"/>
    <property name="securerandom.source" value="file:/dev/./urandom"/>
    <property name="sun.boot.class.path" value="/usr/lib/jvm/java-8-openjdk-amd64/jre/lib/resources.jar:/usr/lib/jvm/java-8-openjdk-amd64/jre/lib/rt.jar:/usr/lib/jvm/java-8-openjdk-amd64/jre/lib/sunrsasign.jar:/usr/lib/jvm/java-8-openjdk-amd64/jre/lib/jsse.jar:/usr/lib/jvm/java-8-openjdk-amd64/jre/lib/jce.jar:/usr/lib/jvm/java-8-openjdk-amd64/jre/lib/charsets.jar:/usr/lib/jvm/java-8-openjdk-amd64/jre/lib/jfr.jar:/usr/lib/jvm/java-8-openjdk-amd64/jre/classes"/>
    <property name="java.vendor" value="Private Build"/>
    <property name="maven.home" value="/usr/share/maven"/>
    <property name="file.separator" value="/"/>
    <property name="java.vendor.url.bug" value="http://bugreport.sun.com/bugreport/"/>
    <property name="sun.cpu.endian" value="little"/>
    <property name="sun.io.unicode.encoding" value="UnicodeLittle"/>
    <property name="sun.desktop" value="gnome"/>
    <property name="sun.cpu.isalist" value=""/>
  </properties>
  <testcase name="test008" classname="org.apache.bcel.generic.ConstantPoolGen_ESTest" time="0.004"/>
  <testcase name="test129" classname="org.apache.bcel.generic.ConstantPoolGen_ESTest" time="0.002"/>
  <testcase name="test009" classname="org.apache.bcel.generic.ConstantPoolGen_ESTest" time="0.001"/>
  <testcase name="test006" classname="org.apache.bcel.generic.ConstantPoolGen_ESTest" time="0.002"/>
  <testcase name="test127" classname="org.apache.bcel.generic.ConstantPoolGen_ESTest" time="0.002"/>
  <testcase name="test007" classname="org.apache.bcel.generic.ConstantPoolGen_ESTest" time="0.002"/>
  <testcase name="test128" classname="org.apache.bcel.generic.ConstantPoolGen_ESTest" time="0.002"/>
  <testcase name="test004" classname="org.apache.bcel.generic.ConstantPoolGen_ESTest" time="0.002"/>
  <testcase name="test125" classname="org.apache.bcel.generic.ConstantPoolGen_ESTest" time="0.002"/>
  <testcase name="test005" classname="org.apache.bcel.generic.ConstantPoolGen_ESTest" time="0.001"/>
  <testcase name="test126" classname="org.apache.bcel.generic.ConstantPoolGen_ESTest" time="0.002"/>
  <testcase name="test002" classname="org.apache.bcel.generic.ConstantPoolGen_ESTest" time="0.002"/>
  <testcase name="test123" classname="org.apache.bcel.generic.ConstantPoolGen_ESTest" time="0.001"/>
  <testcase name="test003" classname="org.apache.bcel.generic.ConstantPoolGen_ESTest" time="0.003"/>
  <testcase name="test124" classname="org.apache.bcel.generic.ConstantPoolGen_ESTest" time="0.001"/>
  <testcase name="test091" classname="org.apache.bcel.generic.ConstantPoolGen_ESTest" time="0.025"/>
  <testcase name="test092" classname="org.apache.bcel.generic.ConstantPoolGen_ESTest" time="0.003"/>
  <testcase name="test090" classname="org.apache.bcel.generic.ConstantPoolGen_ESTest" time="0.001"/>
  <testcase name="test011" classname="org.apache.bcel.generic.ConstantPoolGen_ESTest" time="0.002"/>
  <testcase name="test099" classname="org.apache.bcel.generic.ConstantPoolGen_ESTest" time="0.002"/>
  <testcase name="test132" classname="org.apache.bcel.generic.ConstantPoolGen_ESTest" time="0.001"/>
  <testcase name="test012" classname="org.apache.bcel.generic.ConstantPoolGen_ESTest" time="0.003"/>
  <testcase name="test133" classname="org.apache.bcel.generic.ConstantPoolGen_ESTest" time="0.001"/>
  <testcase name="test097" classname="org.apache.bcel.generic.ConstantPoolGen_ESTest" time="0.002"/>
  <testcase name="test130" classname="org.apache.bcel.generic.ConstantPoolGen_ESTest" time="0.002"/>
  <testcase name="test010" classname="org.apache.bcel.generic.ConstantPoolGen_ESTest" time="0.001"/>
  <testcase name="test098" classname="org.apache.bcel.generic.ConstantPoolGen_ESTest" time="0.002"/>
  <testcase name="test131" classname="org.apache.bcel.generic.ConstantPoolGen_ESTest" time="0.001"/>
  <testcase name="test095" classname="org.apache.bcel.generic.ConstantPoolGen_ESTest" time="0.002"/>
  <testcase name="test096" classname="org.apache.bcel.generic.ConstantPoolGen_ESTest" time="0.002"/>
  <testcase name="test093" classname="org.apache.bcel.generic.ConstantPoolGen_ESTest" time="0.001"/>
  <testcase name="test094" classname="org.apache.bcel.generic.ConstantPoolGen_ESTest" time="0.002"/>
  <testcase name="test118" classname="org.apache.bcel.generic.ConstantPoolGen_ESTest" time="0.002"/>
  <testcase name="test119" classname="org.apache.bcel.generic.ConstantPoolGen_ESTest" time="0.001"/>
  <testcase name="test116" classname="org.apache.bcel.generic.ConstantPoolGen_ESTest" time="0.002"/>
  <testcase name="test117" classname="org.apache.bcel.generic.ConstantPoolGen_ESTest" time="0.002"/>
  <testcase name="test114" classname="org.apache.bcel.generic.ConstantPoolGen_ESTest" time="0.001"/>
  <testcase name="test115" classname="org.apache.bcel.generic.ConstantPoolGen_ESTest" time="0.002"/>
  <testcase name="test079" classname="org.apache.bcel.generic.ConstantPoolGen_ESTest" time="0.001"/>
  <testcase name="test112" classname="org.apache.bcel.generic.ConstantPoolGen_ESTest" time="0.002"/>
  <testcase name="test113" classname="org.apache.bcel.generic.ConstantPoolGen_ESTest" time="0.002"/>
  <testcase name="test080" classname="org.apache.bcel.generic.ConstantPoolGen_ESTest" time="0.002"/>
  <testcase name="test081" classname="org.apache.bcel.generic.ConstantPoolGen_ESTest" time="0.001"/>
  <testcase name="test000" classname="org.apache.bcel.generic.ConstantPoolGen_ESTest" time="0.002"/>
  <testcase name="test088" classname="org.apache.bcel.generic.ConstantPoolGen_ESTest" time="0.002"/>
  <testcase name="test121" classname="org.apache.bcel.generic.ConstantPoolGen_ESTest" time="0.001"/>
  <testcase name="test001" classname="org.apache.bcel.generic.ConstantPoolGen_ESTest" time="0.002"/>
  <testcase name="test089" classname="org.apache.bcel.generic.ConstantPoolGen_ESTest" time="0.002"/>
  <testcase name="test122" classname="org.apache.bcel.generic.ConstantPoolGen_ESTest" time="0.001"/>
  <testcase name="test086" classname="org.apache.bcel.generic.ConstantPoolGen_ESTest" time="0.002"/>
  <testcase name="test087" classname="org.apache.bcel.generic.ConstantPoolGen_ESTest" time="0.001"/>
  <testcase name="test120" classname="org.apache.bcel.generic.ConstantPoolGen_ESTest" time="0.002"/>
  <testcase name="test084" classname="org.apache.bcel.generic.ConstantPoolGen_ESTest" time="0.002"/>
  <testcase name="test085" classname="org.apache.bcel.generic.ConstantPoolGen_ESTest" time="0.001"/>
  <testcase name="test082" classname="org.apache.bcel.generic.ConstantPoolGen_ESTest" time="0.002"/>
  <testcase name="test083" classname="org.apache.bcel.generic.ConstantPoolGen_ESTest" time="0.002"/>
  <testcase name="test107" classname="org.apache.bcel.generic.ConstantPoolGen_ESTest" time="0.001"/>
  <testcase name="test108" classname="org.apache.bcel.generic.ConstantPoolGen_ESTest" time="0.002"/>
  <testcase name="test105" classname="org.apache.bcel.generic.ConstantPoolGen_ESTest" time="0.001"/>
  <testcase name="test106" classname="org.apache.bcel.generic.ConstantPoolGen_ESTest" time="0.002"/>
  <testcase name="test103" classname="org.apache.bcel.generic.ConstantPoolGen_ESTest" time="0.001"/>
  <testcase name="test104" classname="org.apache.bcel.generic.ConstantPoolGen_ESTest" time="0.002"/>
  <testcase name="test068" classname="org.apache.bcel.generic.ConstantPoolGen_ESTest" time="0.002"/>
  <testcase name="test101" classname="org.apache.bcel.generic.ConstantPoolGen_ESTest" time="0.001"/>
  <testcase name="test069" classname="org.apache.bcel.generic.ConstantPoolGen_ESTest" time="0.002"/>
  <testcase name="test102" classname="org.apache.bcel.generic.ConstantPoolGen_ESTest" time="0.001"/>
  <testcase name="test109" classname="org.apache.bcel.generic.ConstantPoolGen_ESTest" time="0.002"/>
  <testcase name="test070" classname="org.apache.bcel.generic.ConstantPoolGen_ESTest" time="0.002"/>
  <testcase name="test077" classname="org.apache.bcel.generic.ConstantPoolGen_ESTest" time="0.001"/>
  <testcase name="test110" classname="org.apache.bcel.generic.ConstantPoolGen_ESTest" time="0.002"/>
  <testcase name="test078" classname="org.apache.bcel.generic.ConstantPoolGen_ESTest" time="0.001"/>
  <testcase name="test111" classname="org.apache.bcel.generic.ConstantPoolGen_ESTest" time="0.002"/>
  <testcase name="test075" classname="org.apache.bcel.generic.ConstantPoolGen_ESTest" time="0.002"/>
  <testcase name="test076" classname="org.apache.bcel.generic.ConstantPoolGen_ESTest" time="0.001"/>
  <testcase name="test073" classname="org.apache.bcel.generic.ConstantPoolGen_ESTest" time="0.002"/>
  <testcase name="test074" classname="org.apache.bcel.generic.ConstantPoolGen_ESTest" time="0.001"/>
  <testcase name="test071" classname="org.apache.bcel.generic.ConstantPoolGen_ESTest" time="0.002"/>
  <testcase name="test072" classname="org.apache.bcel.generic.ConstantPoolGen_ESTest" time="0.002"/>
  <testcase name="test059" classname="org.apache.bcel.generic.ConstantPoolGen_ESTest" time="0.001"/>
  <testcase name="test057" classname="org.apache.bcel.generic.ConstantPoolGen_ESTest" time="0.002"/>
  <testcase name="test058" classname="org.apache.bcel.generic.ConstantPoolGen_ESTest" time="0.002"/>
  <testcase name="test066" classname="org.apache.bcel.generic.ConstantPoolGen_ESTest" time="0.001"/>
  <testcase name="test067" classname="org.apache.bcel.generic.ConstantPoolGen_ESTest" time="0.002"/>
  <testcase name="test100" classname="org.apache.bcel.generic.ConstantPoolGen_ESTest" time="0.002"/>
  <testcase name="test064" classname="org.apache.bcel.generic.ConstantPoolGen_ESTest" time="0.001"/>
  <testcase name="test065" classname="org.apache.bcel.generic.ConstantPoolGen_ESTest" time="0.003"/>
  <testcase name="test062" classname="org.apache.bcel.generic.ConstantPoolGen_ESTest" time="0.001"/>
  <testcase name="test063" classname="org.apache.bcel.generic.ConstantPoolGen_ESTest" time="0.002"/>
  <testcase name="test060" classname="org.apache.bcel.generic.ConstantPoolGen_ESTest" time="0.002"/>
  <testcase name="test061" classname="org.apache.bcel.generic.ConstantPoolGen_ESTest" time="0.001"/>
  <testcase name="test048" classname="org.apache.bcel.generic.ConstantPoolGen_ESTest" time="0.002"/>
  <testcase name="test049" classname="org.apache.bcel.generic.ConstantPoolGen_ESTest" time="0.001"/>
  <testcase name="test046" classname="org.apache.bcel.generic.ConstantPoolGen_ESTest" time="0.003"/>
  <testcase name="test047" classname="org.apache.bcel.generic.ConstantPoolGen_ESTest" time="0.001"/>
  <testcase name="test055" classname="org.apache.bcel.generic.ConstantPoolGen_ESTest" time="0.002"/>
  <testcase name="test056" classname="org.apache.bcel.generic.ConstantPoolGen_ESTest" time="0.02"/>
  <testcase name="test053" classname="org.apache.bcel.generic.ConstantPoolGen_ESTest" time="0.002"/>
  <testcase name="test054" classname="org.apache.bcel.generic.ConstantPoolGen_ESTest" time="0.001"/>
  <testcase name="test051" classname="org.apache.bcel.generic.ConstantPoolGen_ESTest" time="0.002"/>
  <testcase name="test052" classname="org.apache.bcel.generic.ConstantPoolGen_ESTest" time="0.002"/>
  <testcase name="test050" classname="org.apache.bcel.generic.ConstantPoolGen_ESTest" time="0.001"/>
  <testcase name="test039" classname="org.apache.bcel.generic.ConstantPoolGen_ESTest" time="0.002"/>
  <testcase name="test037" classname="org.apache.bcel.generic.ConstantPoolGen_ESTest" time="0.001"/>
  <testcase name="test158" classname="org.apache.bcel.generic.ConstantPoolGen_ESTest" time="0.002"/>
  <testcase name="test038" classname="org.apache.bcel.generic.ConstantPoolGen_ESTest" time="0.001"/>
  <testcase name="test035" classname="org.apache.bcel.generic.ConstantPoolGen_ESTest" time="0.002"/>
  <testcase name="test156" classname="org.apache.bcel.generic.ConstantPoolGen_ESTest" time="0.002"/>
  <testcase name="test036" classname="org.apache.bcel.generic.ConstantPoolGen_ESTest" time="0.001"/>
  <testcase name="test157" classname="org.apache.bcel.generic.ConstantPoolGen_ESTest" time="0.002"/>
  <testcase name="test044" classname="org.apache.bcel.generic.ConstantPoolGen_ESTest" time="0.001"/>
  <testcase name="test045" classname="org.apache.bcel.generic.ConstantPoolGen_ESTest" time="0.002"/>
  <testcase name="test042" classname="org.apache.bcel.generic.ConstantPoolGen_ESTest" time="0.001"/>
  <testcase name="test043" classname="org.apache.bcel.generic.ConstantPoolGen_ESTest" time="0.002"/>
  <testcase name="test040" classname="org.apache.bcel.generic.ConstantPoolGen_ESTest" time="0.002"/>
  <testcase name="test041" classname="org.apache.bcel.generic.ConstantPoolGen_ESTest" time="0.001"/>
  <testcase name="test028" classname="org.apache.bcel.generic.ConstantPoolGen_ESTest" time="0.002"/>
  <testcase name="test149" classname="org.apache.bcel.generic.ConstantPoolGen_ESTest" time="0.002"/>
  <testcase name="test029" classname="org.apache.bcel.generic.ConstantPoolGen_ESTest" time="0.001"/>
  <testcase name="test026" classname="org.apache.bcel.generic.ConstantPoolGen_ESTest" time="0.002"/>
  <testcase name="test147" classname="org.apache.bcel.generic.ConstantPoolGen_ESTest" time="0.001"/>
  <testcase name="test027" classname="org.apache.bcel.generic.ConstantPoolGen_ESTest" time="0.002"/>
  <testcase name="test148" classname="org.apache.bcel.generic.ConstantPoolGen_ESTest" time="0.002"/>
  <testcase name="test024" classname="org.apache.bcel.generic.ConstantPoolGen_ESTest" time="0.001"/>
  <testcase name="test145" classname="org.apache.bcel.generic.ConstantPoolGen_ESTest" time="0.002"/>
  <testcase name="test025" classname="org.apache.bcel.generic.ConstantPoolGen_ESTest" time="0.002"/>
  <testcase name="test146" classname="org.apache.bcel.generic.ConstantPoolGen_ESTest" time="0.001"/>
  <testcase name="test033" classname="org.apache.bcel.generic.ConstantPoolGen_ESTest" time="0.002"/>
  <testcase name="test154" classname="org.apache.bcel.generic.ConstantPoolGen_ESTest" time="0.002"/>
  <testcase name="test034" classname="org.apache.bcel.generic.ConstantPoolGen_ESTest" time="0.001"/>
  <testcase name="test155" classname="org.apache.bcel.generic.ConstantPoolGen_ESTest" time="0.002"/>
  <testcase name="test031" classname="org.apache.bcel.generic.ConstantPoolGen_ESTest" time="0.002"/>
  <testcase name="test152" classname="org.apache.bcel.generic.ConstantPoolGen_ESTest" time="0.001"/>
  <testcase name="test032" classname="org.apache.bcel.generic.ConstantPoolGen_ESTest" time="0.002"/>
  <testcase name="test153" classname="org.apache.bcel.generic.ConstantPoolGen_ESTest" time="0.001"/>
  <testcase name="test150" classname="org.apache.bcel.generic.ConstantPoolGen_ESTest" time="0.002"/>
  <testcase name="test030" classname="org.apache.bcel.generic.ConstantPoolGen_ESTest" time="0.001"/>
  <testcase name="test151" classname="org.apache.bcel.generic.ConstantPoolGen_ESTest" time="0.002"/>
  <testcase name="test019" classname="org.apache.bcel.generic.ConstantPoolGen_ESTest" time="0.001"/>
  <testcase name="test017" classname="org.apache.bcel.generic.ConstantPoolGen_ESTest" time="0.002"/>
  <testcase name="test138" classname="org.apache.bcel.generic.ConstantPoolGen_ESTest" time="0.001"/>
  <testcase name="test018" classname="org.apache.bcel.generic.ConstantPoolGen_ESTest" time="0.002"/>
  <testcase name="test139" classname="org.apache.bcel.generic.ConstantPoolGen_ESTest" time="0.002"/>
  <testcase name="test015" classname="org.apache.bcel.generic.ConstantPoolGen_ESTest" time="0.001"/>
  <testcase name="test136" classname="org.apache.bcel.generic.ConstantPoolGen_ESTest" time="0.002"/>
  <testcase name="test016" classname="org.apache.bcel.generic.ConstantPoolGen_ESTest" time="0.002"/>
  <testcase name="test137" classname="org.apache.bcel.generic.ConstantPoolGen_ESTest" time="0.001"/>
  <testcase name="test013" classname="org.apache.bcel.generic.ConstantPoolGen_ESTest" time="0.002"/>
  <testcase name="test134" classname="org.apache.bcel.generic.ConstantPoolGen_ESTest" time="0.001"/>
  <testcase name="test014" classname="org.apache.bcel.generic.ConstantPoolGen_ESTest" time="0.002"/>
  <testcase name="test135" classname="org.apache.bcel.generic.ConstantPoolGen_ESTest" time="0.002"/>
  <testcase name="test022" classname="org.apache.bcel.generic.ConstantPoolGen_ESTest" time="0.001"/>
  <testcase name="test143" classname="org.apache.bcel.generic.ConstantPoolGen_ESTest" time="0.002"/>
  <testcase name="test023" classname="org.apache.bcel.generic.ConstantPoolGen_ESTest" time="0.001"/>
  <testcase name="test144" classname="org.apache.bcel.generic.ConstantPoolGen_ESTest" time="0.002"/>
  <testcase name="test020" classname="org.apache.bcel.generic.ConstantPoolGen_ESTest" time="0.002"/>
  <testcase name="test141" classname="org.apache.bcel.generic.ConstantPoolGen_ESTest" time="0.002"/>
  <testcase name="test021" classname="org.apache.bcel.generic.ConstantPoolGen_ESTest" time="0.001"/>
  <testcase name="test142" classname="org.apache.bcel.generic.ConstantPoolGen_ESTest" time="0.002"/>
  <testcase name="test140" classname="org.apache.bcel.generic.ConstantPoolGen_ESTest" time="0.002"/>
</testsuite>