<?xml version="1.0" encoding="UTF-8"?>
<testsuite name="org.apache.bcel.classfile.Utility_ESTest" time="0.575" tests="509" errors="0" skipped="0" failures="0">
  <properties>
    <property name="java.runtime.name" value="OpenJDK Runtime Environment"/>
    <property name="sun.boot.library.path" value="/usr/lib/jvm/java-8-openjdk-amd64/jre/lib/amd64"/>
    <property name="java.vm.version" value="25.312-b07"/>
    <property name="java.vm.vendor" value="Private Build"/>
    <property name="maven.multiModuleProjectDirectory" value="/media/soneya/extradrive1/toga-eval-issta-2023/issta-artifacts-nov-10/evosuite-artifacts/bcel-6.5.0-src"/>
    <property name="java.vendor.url" value="http://java.oracle.com/"/>
    <property name="path.separator" value=":"/>
    <property name="guice.disable.misplaced.annotation.check" value="true"/>
    <property name="java.vm.name" value="OpenJDK 64-Bit Server VM"/>
    <property name="file.encoding.pkg" value="sun.io"/>
    <property name="user.country" value="US"/>
    <property name="sun.java.launcher" value="SUN_STANDARD"/>
    <property name="sun.os.patch.level" value="unknown"/>
    <property name="java.vm.specification.name" value="Java Virtual Machine Specification"/>
    <property name="user.dir" value="/media/soneya/extradrive1/toga-eval-issta-2023/issta-artifacts-nov-10/evosuite-artifacts/bcel-6.5.0-src"/>
    <property name="java.runtime.version" value="1.8.0_312-8u312-b07-0ubuntu1~20.04-b07"/>
    <property name="java.awt.graphicsenv" value="sun.awt.X11GraphicsEnvironment"/>
    <property name="java.endorsed.dirs" value="/usr/lib/jvm/java-8-openjdk-amd64/jre/lib/endorsed"/>
    <property name="os.arch" value="amd64"/>
    <property name="java.io.tmpdir" value="/tmp"/>
    <property name="line.separator" value="&#10;"/>
    <property name="java.vm.specification.vendor" value="Oracle Corporation"/>
    <property name="os.name" value="Linux"/>
    <property name="classworlds.conf" value="/usr/share/maven/bin/m2.conf"/>
    <property name="sun.jnu.encoding" value="UTF-8"/>
    <property name="java.library.path" value="/usr/java/packages/lib/amd64:/usr/lib/x86_64-linux-gnu/jni:/lib/x86_64-linux-gnu:/usr/lib/x86_64-linux-gnu:/usr/lib/jni:/lib:/usr/lib"/>
    <property name="maven.conf" value="/usr/share/maven/conf"/>
    <property name="java.specification.name" value="Java Platform API Specification"/>
    <property name="java.class.version" value="52.0"/>
    <property name="sun.management.compiler" value="HotSpot 64-Bit Tiered Compilers"/>
    <property name="os.version" value="5.13.0-41-generic"/>
    <property name="library.jansi.path" value="/usr/share/maven/lib/jansi-native"/>
    <property name="user.home" value="/home/soneya"/>
    <property name="user.timezone" value="America/New_York"/>
    <property name="java.awt.printerjob" value="sun.print.PSPrinterJob"/>
    <property name="java.specification.version" value="1.8"/>
    <property name="file.encoding" value="UTF-8"/>
    <property name="user.name" value="soneya"/>
    <property name="java.class.path" value="/usr/share/maven/boot/plexus-classworlds-2.x.jar"/>
    <property name="java.vm.specification.version" value="1.8"/>
    <property name="sun.arch.data.model" value="64"/>
    <property name="java.home" value="/usr/lib/jvm/java-8-openjdk-amd64/jre"/>
    <property name="sun.java.command" value="org.codehaus.plexus.classworlds.launcher.Launcher clean test"/>
    <property name="java.specification.vendor" value="Oracle Corporation"/>
    <property name="user.language" value="en"/>
    <property name="awt.toolkit" value="sun.awt.X11.XToolkit"/>
    <property name="java.vm.info" value="mixed mode"/>
    <property name="java.version" value="1.8.0_312"/>
    <property name="java.ext.dirs" value="/usr/lib/jvm/java-8-openjdk-amd64/jre/lib/ext:/usr/java/packages/lib/ext"/>
    <property name="securerandom.source" value="file:/dev/./urandom"/>
    <property name="sun.boot.class.path" value="/usr/lib/jvm/java-8-openjdk-amd64/jre/lib/resources.jar:/usr/lib/jvm/java-8-openjdk-amd64/jre/lib/rt.jar:/usr/lib/jvm/java-8-openjdk-amd64/jre/lib/sunrsasign.jar:/usr/lib/jvm/java-8-openjdk-amd64/jre/lib/jsse.jar:/usr/lib/jvm/java-8-openjdk-amd64/jre/lib/jce.jar:/usr/lib/jvm/java-8-openjdk-amd64/jre/lib/charsets.jar:/usr/lib/jvm/java-8-openjdk-amd64/jre/lib/jfr.jar:/usr/lib/jvm/java-8-openjdk-amd64/jre/classes"/>
    <property name="java.vendor" value="Private Build"/>
    <property name="maven.home" value="/usr/share/maven"/>
    <property name="file.separator" value="/"/>
    <property name="java.vendor.url.bug" value="http://bugreport.sun.com/bugreport/"/>
    <property name="sun.cpu.endian" value="little"/>
    <property name="sun.io.unicode.encoding" value="UnicodeLittle"/>
    <property name="sun.desktop" value="gnome"/>
    <property name="sun.cpu.isalist" value=""/>
  </properties>
  <testcase name="test078" classname="org.apache.bcel.classfile.Utility_ESTest" time="0.003"/>
  <testcase name="test199" classname="org.apache.bcel.classfile.Utility_ESTest" time="0.001"/>
  <testcase name="test077" classname="org.apache.bcel.classfile.Utility_ESTest" time="0.001"/>
  <testcase name="test198" classname="org.apache.bcel.classfile.Utility_ESTest" time="0.001"/>
  <testcase name="test076" classname="org.apache.bcel.classfile.Utility_ESTest" time="0.001"/>
  <testcase name="test197" classname="org.apache.bcel.classfile.Utility_ESTest" time="0.001"/>
  <testcase name="test075" classname="org.apache.bcel.classfile.Utility_ESTest" time="0.007"/>
  <testcase name="test196" classname="org.apache.bcel.classfile.Utility_ESTest" time="0.002"/>
  <testcase name="test074" classname="org.apache.bcel.classfile.Utility_ESTest" time="0.001"/>
  <testcase name="test195" classname="org.apache.bcel.classfile.Utility_ESTest" time="0.001"/>
  <testcase name="test073" classname="org.apache.bcel.classfile.Utility_ESTest" time="0.001"/>
  <testcase name="test194" classname="org.apache.bcel.classfile.Utility_ESTest" time="0.001"/>
  <testcase name="test072" classname="org.apache.bcel.classfile.Utility_ESTest" time="0.002"/>
  <testcase name="test193" classname="org.apache.bcel.classfile.Utility_ESTest" time="0.001"/>
  <testcase name="test071" classname="org.apache.bcel.classfile.Utility_ESTest" time="0.001"/>
  <testcase name="test192" classname="org.apache.bcel.classfile.Utility_ESTest" time="0.009"/>
  <testcase name="test070" classname="org.apache.bcel.classfile.Utility_ESTest" time="0.001"/>
  <testcase name="test191" classname="org.apache.bcel.classfile.Utility_ESTest" time="0.001"/>
  <testcase name="test190" classname="org.apache.bcel.classfile.Utility_ESTest" time="0"/>
  <testcase name="test069" classname="org.apache.bcel.classfile.Utility_ESTest" time="0.001"/>
  <testcase name="test068" classname="org.apache.bcel.classfile.Utility_ESTest" time="0.001"/>
  <testcase name="test189" classname="org.apache.bcel.classfile.Utility_ESTest" time="0.001"/>
  <testcase name="test067" classname="org.apache.bcel.classfile.Utility_ESTest" time="0.001"/>
  <testcase name="test188" classname="org.apache.bcel.classfile.Utility_ESTest" time="0.001"/>
  <testcase name="test066" classname="org.apache.bcel.classfile.Utility_ESTest" time="0.001"/>
  <testcase name="test187" classname="org.apache.bcel.classfile.Utility_ESTest" time="0"/>
  <testcase name="test065" classname="org.apache.bcel.classfile.Utility_ESTest" time="0.001"/>
  <testcase name="test186" classname="org.apache.bcel.classfile.Utility_ESTest" time="0.001"/>
  <testcase name="test064" classname="org.apache.bcel.classfile.Utility_ESTest" time="0.001"/>
  <testcase name="test185" classname="org.apache.bcel.classfile.Utility_ESTest" time="0.001"/>
  <testcase name="test063" classname="org.apache.bcel.classfile.Utility_ESTest" time="0.001"/>
  <testcase name="test184" classname="org.apache.bcel.classfile.Utility_ESTest" time="0"/>
  <testcase name="test062" classname="org.apache.bcel.classfile.Utility_ESTest" time="0.001"/>
  <testcase name="test183" classname="org.apache.bcel.classfile.Utility_ESTest" time="0.001"/>
  <testcase name="test061" classname="org.apache.bcel.classfile.Utility_ESTest" time="0.001"/>
  <testcase name="test182" classname="org.apache.bcel.classfile.Utility_ESTest" time="0.001"/>
  <testcase name="test060" classname="org.apache.bcel.classfile.Utility_ESTest" time="0"/>
  <testcase name="test181" classname="org.apache.bcel.classfile.Utility_ESTest" time="0.001"/>
  <testcase name="test180" classname="org.apache.bcel.classfile.Utility_ESTest" time="0.001"/>
  <testcase name="test059" classname="org.apache.bcel.classfile.Utility_ESTest" time="0.001"/>
  <testcase name="test058" classname="org.apache.bcel.classfile.Utility_ESTest" time="0"/>
  <testcase name="test179" classname="org.apache.bcel.classfile.Utility_ESTest" time="0.001"/>
  <testcase name="test057" classname="org.apache.bcel.classfile.Utility_ESTest" time="0.001"/>
  <testcase name="test178" classname="org.apache.bcel.classfile.Utility_ESTest" time="0.001"/>
  <testcase name="test299" classname="org.apache.bcel.classfile.Utility_ESTest" time="0.001"/>
  <testcase name="test099" classname="org.apache.bcel.classfile.Utility_ESTest" time="0"/>
  <testcase name="test098" classname="org.apache.bcel.classfile.Utility_ESTest" time="0.001"/>
  <testcase name="test097" classname="org.apache.bcel.classfile.Utility_ESTest" time="0.001"/>
  <testcase name="test096" classname="org.apache.bcel.classfile.Utility_ESTest" time="0.001"/>
  <testcase name="test095" classname="org.apache.bcel.classfile.Utility_ESTest" time="0"/>
  <testcase name="test094" classname="org.apache.bcel.classfile.Utility_ESTest" time="0.001"/>
  <testcase name="test093" classname="org.apache.bcel.classfile.Utility_ESTest" time="0.001"/>
  <testcase name="test092" classname="org.apache.bcel.classfile.Utility_ESTest" time="0.001"/>
  <testcase name="test091" classname="org.apache.bcel.classfile.Utility_ESTest" time="0.001"/>
  <testcase name="test090" classname="org.apache.bcel.classfile.Utility_ESTest" time="0"/>
  <testcase name="test089" classname="org.apache.bcel.classfile.Utility_ESTest" time="0.001"/>
  <testcase name="test088" classname="org.apache.bcel.classfile.Utility_ESTest" time="0.001"/>
  <testcase name="test087" classname="org.apache.bcel.classfile.Utility_ESTest" time="0.001"/>
  <testcase name="test086" classname="org.apache.bcel.classfile.Utility_ESTest" time="0.001"/>
  <testcase name="test085" classname="org.apache.bcel.classfile.Utility_ESTest" time="0"/>
  <testcase name="test084" classname="org.apache.bcel.classfile.Utility_ESTest" time="0.002"/>
  <testcase name="test083" classname="org.apache.bcel.classfile.Utility_ESTest" time="0.003"/>
  <testcase name="test082" classname="org.apache.bcel.classfile.Utility_ESTest" time="0.002"/>
  <testcase name="test081" classname="org.apache.bcel.classfile.Utility_ESTest" time="0.002"/>
  <testcase name="test080" classname="org.apache.bcel.classfile.Utility_ESTest" time="0.002"/>
  <testcase name="test079" classname="org.apache.bcel.classfile.Utility_ESTest" time="0.001"/>
  <testcase name="test034" classname="org.apache.bcel.classfile.Utility_ESTest" time="0.002"/>
  <testcase name="test155" classname="org.apache.bcel.classfile.Utility_ESTest" time="0.001"/>
  <testcase name="test276" classname="org.apache.bcel.classfile.Utility_ESTest" time="0.001"/>
  <testcase name="test397" classname="org.apache.bcel.classfile.Utility_ESTest" time="0.001"/>
  <testcase name="test033" classname="org.apache.bcel.classfile.Utility_ESTest" time="0"/>
  <testcase name="test154" classname="org.apache.bcel.classfile.Utility_ESTest" time="0.001"/>
  <testcase name="test275" classname="org.apache.bcel.classfile.Utility_ESTest" time="0.001"/>
  <testcase name="test396" classname="org.apache.bcel.classfile.Utility_ESTest" time="0.001"/>
  <testcase name="test032" classname="org.apache.bcel.classfile.Utility_ESTest" time="0.001"/>
  <testcase name="test153" classname="org.apache.bcel.classfile.Utility_ESTest" time="0.001"/>
  <testcase name="test274" classname="org.apache.bcel.classfile.Utility_ESTest" time="0.001"/>
  <testcase name="test395" classname="org.apache.bcel.classfile.Utility_ESTest" time="0.001"/>
  <testcase name="test031" classname="org.apache.bcel.classfile.Utility_ESTest" time="0.001"/>
  <testcase name="test152" classname="org.apache.bcel.classfile.Utility_ESTest" time="0.001"/>
  <testcase name="test273" classname="org.apache.bcel.classfile.Utility_ESTest" time="0.014"/>
  <testcase name="test394" classname="org.apache.bcel.classfile.Utility_ESTest" time="0.001"/>
  <testcase name="test030" classname="org.apache.bcel.classfile.Utility_ESTest" time="0.001"/>
  <testcase name="test151" classname="org.apache.bcel.classfile.Utility_ESTest" time="0.001"/>
  <testcase name="test272" classname="org.apache.bcel.classfile.Utility_ESTest" time="0"/>
  <testcase name="test393" classname="org.apache.bcel.classfile.Utility_ESTest" time="0.002"/>
  <testcase name="test150" classname="org.apache.bcel.classfile.Utility_ESTest" time="0.001"/>
  <testcase name="test271" classname="org.apache.bcel.classfile.Utility_ESTest" time="0"/>
  <testcase name="test392" classname="org.apache.bcel.classfile.Utility_ESTest" time="0.002"/>
  <testcase name="test270" classname="org.apache.bcel.classfile.Utility_ESTest" time="0.001"/>
  <testcase name="test391" classname="org.apache.bcel.classfile.Utility_ESTest" time="0.001"/>
  <testcase name="test390" classname="org.apache.bcel.classfile.Utility_ESTest" time="0.001"/>
  <testcase name="test029" classname="org.apache.bcel.classfile.Utility_ESTest" time="0.001"/>
  <testcase name="test028" classname="org.apache.bcel.classfile.Utility_ESTest" time="0.001"/>
  <testcase name="test149" classname="org.apache.bcel.classfile.Utility_ESTest" time="0.001"/>
  <testcase name="test027" classname="org.apache.bcel.classfile.Utility_ESTest" time="0.001"/>
  <testcase name="test148" classname="org.apache.bcel.classfile.Utility_ESTest" time="0.001"/>
  <testcase name="test269" classname="org.apache.bcel.classfile.Utility_ESTest" time="0.001"/>
  <testcase name="test026" classname="org.apache.bcel.classfile.Utility_ESTest" time="0.001"/>
  <testcase name="test147" classname="org.apache.bcel.classfile.Utility_ESTest" time="0.001"/>
  <testcase name="test268" classname="org.apache.bcel.classfile.Utility_ESTest" time="0.001"/>
  <testcase name="test389" classname="org.apache.bcel.classfile.Utility_ESTest" time="0.001"/>
  <testcase name="test025" classname="org.apache.bcel.classfile.Utility_ESTest" time="0.001"/>
  <testcase name="test146" classname="org.apache.bcel.classfile.Utility_ESTest" time="0"/>
  <testcase name="test267" classname="org.apache.bcel.classfile.Utility_ESTest" time="0.001"/>
  <testcase name="test388" classname="org.apache.bcel.classfile.Utility_ESTest" time="0.001"/>
  <testcase name="test024" classname="org.apache.bcel.classfile.Utility_ESTest" time="0.001"/>
  <testcase name="test145" classname="org.apache.bcel.classfile.Utility_ESTest" time="0.001"/>
  <testcase name="test266" classname="org.apache.bcel.classfile.Utility_ESTest" time="0"/>
  <testcase name="test387" classname="org.apache.bcel.classfile.Utility_ESTest" time="0.001"/>
  <testcase name="test023" classname="org.apache.bcel.classfile.Utility_ESTest" time="0.001"/>
  <testcase name="test144" classname="org.apache.bcel.classfile.Utility_ESTest" time="0.001"/>
  <testcase name="test265" classname="org.apache.bcel.classfile.Utility_ESTest" time="0.001"/>
  <testcase name="test386" classname="org.apache.bcel.classfile.Utility_ESTest" time="0.002"/>
  <testcase name="test022" classname="org.apache.bcel.classfile.Utility_ESTest" time="0.001"/>
  <testcase name="test143" classname="org.apache.bcel.classfile.Utility_ESTest" time="0"/>
  <testcase name="test264" classname="org.apache.bcel.classfile.Utility_ESTest" time="0.001"/>
  <testcase name="test385" classname="org.apache.bcel.classfile.Utility_ESTest" time="0.001"/>
  <testcase name="test021" classname="org.apache.bcel.classfile.Utility_ESTest" time="0.001"/>
  <testcase name="test142" classname="org.apache.bcel.classfile.Utility_ESTest" time="0.001"/>
  <testcase name="test263" classname="org.apache.bcel.classfile.Utility_ESTest" time="0.001"/>
  <testcase name="test384" classname="org.apache.bcel.classfile.Utility_ESTest" time="0.001"/>
  <testcase name="test020" classname="org.apache.bcel.classfile.Utility_ESTest" time="0"/>
  <testcase name="test141" classname="org.apache.bcel.classfile.Utility_ESTest" time="0.001"/>
  <testcase name="test262" classname="org.apache.bcel.classfile.Utility_ESTest" time="0.001"/>
  <testcase name="test383" classname="org.apache.bcel.classfile.Utility_ESTest" time="0.001"/>
  <testcase name="test140" classname="org.apache.bcel.classfile.Utility_ESTest" time="0"/>
  <testcase name="test261" classname="org.apache.bcel.classfile.Utility_ESTest" time="0.001"/>
  <testcase name="test382" classname="org.apache.bcel.classfile.Utility_ESTest" time="0.001"/>
  <testcase name="test260" classname="org.apache.bcel.classfile.Utility_ESTest" time="0.001"/>
  <testcase name="test381" classname="org.apache.bcel.classfile.Utility_ESTest" time="0.001"/>
  <testcase name="test380" classname="org.apache.bcel.classfile.Utility_ESTest" time="0"/>
  <testcase name="test019" classname="org.apache.bcel.classfile.Utility_ESTest" time="0.001"/>
  <testcase name="test018" classname="org.apache.bcel.classfile.Utility_ESTest" time="0.001"/>
  <testcase name="test139" classname="org.apache.bcel.classfile.Utility_ESTest" time="0.001"/>
  <testcase name="test017" classname="org.apache.bcel.classfile.Utility_ESTest" time="0"/>
  <testcase name="test138" classname="org.apache.bcel.classfile.Utility_ESTest" time="0.001"/>
  <testcase name="test259" classname="org.apache.bcel.classfile.Utility_ESTest" time="0.001"/>
  <testcase name="test016" classname="org.apache.bcel.classfile.Utility_ESTest" time="0.001"/>
  <testcase name="test137" classname="org.apache.bcel.classfile.Utility_ESTest" time="0.004"/>
  <testcase name="test258" classname="org.apache.bcel.classfile.Utility_ESTest" time="0.001"/>
  <testcase name="test379" classname="org.apache.bcel.classfile.Utility_ESTest" time="0.001"/>
  <testcase name="test015" classname="org.apache.bcel.classfile.Utility_ESTest" time="0"/>
  <testcase name="test136" classname="org.apache.bcel.classfile.Utility_ESTest" time="0.001"/>
  <testcase name="test257" classname="org.apache.bcel.classfile.Utility_ESTest" time="0.002"/>
  <testcase name="test378" classname="org.apache.bcel.classfile.Utility_ESTest" time="0.001"/>
  <testcase name="test499" classname="org.apache.bcel.classfile.Utility_ESTest" time="0.001"/>
  <testcase name="test014" classname="org.apache.bcel.classfile.Utility_ESTest" time="0.001"/>
  <testcase name="test135" classname="org.apache.bcel.classfile.Utility_ESTest" time="0.001"/>
  <testcase name="test256" classname="org.apache.bcel.classfile.Utility_ESTest" time="0.001"/>
  <testcase name="test377" classname="org.apache.bcel.classfile.Utility_ESTest" time="0.001"/>
  <testcase name="test498" classname="org.apache.bcel.classfile.Utility_ESTest" time="0.001"/>
  <testcase name="test013" classname="org.apache.bcel.classfile.Utility_ESTest" time="0.001"/>
  <testcase name="test134" classname="org.apache.bcel.classfile.Utility_ESTest" time="0.001"/>
  <testcase name="test255" classname="org.apache.bcel.classfile.Utility_ESTest" time="0"/>
  <testcase name="test376" classname="org.apache.bcel.classfile.Utility_ESTest" time="0.001"/>
  <testcase name="test497" classname="org.apache.bcel.classfile.Utility_ESTest" time="0.001"/>
  <testcase name="test056" classname="org.apache.bcel.classfile.Utility_ESTest" time="0.001"/>
  <testcase name="test177" classname="org.apache.bcel.classfile.Utility_ESTest" time="0"/>
  <testcase name="test298" classname="org.apache.bcel.classfile.Utility_ESTest" time="0.001"/>
  <testcase name="test055" classname="org.apache.bcel.classfile.Utility_ESTest" time="0.001"/>
  <testcase name="test176" classname="org.apache.bcel.classfile.Utility_ESTest" time="0.001"/>
  <testcase name="test297" classname="org.apache.bcel.classfile.Utility_ESTest" time="0.001"/>
  <testcase name="test054" classname="org.apache.bcel.classfile.Utility_ESTest" time="0"/>
  <testcase name="test175" classname="org.apache.bcel.classfile.Utility_ESTest" time="0.001"/>
  <testcase name="test296" classname="org.apache.bcel.classfile.Utility_ESTest" time="0.001"/>
  <testcase name="test053" classname="org.apache.bcel.classfile.Utility_ESTest" time="0.001"/>
  <testcase name="test174" classname="org.apache.bcel.classfile.Utility_ESTest" time="0"/>
  <testcase name="test295" classname="org.apache.bcel.classfile.Utility_ESTest" time="0.001"/>
  <testcase name="test052" classname="org.apache.bcel.classfile.Utility_ESTest" time="0.001"/>
  <testcase name="test173" classname="org.apache.bcel.classfile.Utility_ESTest" time="0.001"/>
  <testcase name="test294" classname="org.apache.bcel.classfile.Utility_ESTest" time="0"/>
  <testcase name="test051" classname="org.apache.bcel.classfile.Utility_ESTest" time="0.001"/>
  <testcase name="test172" classname="org.apache.bcel.classfile.Utility_ESTest" time="0.001"/>
  <testcase name="test293" classname="org.apache.bcel.classfile.Utility_ESTest" time="0.001"/>
  <testcase name="test050" classname="org.apache.bcel.classfile.Utility_ESTest" time="0"/>
  <testcase name="test171" classname="org.apache.bcel.classfile.Utility_ESTest" time="0.001"/>
  <testcase name="test292" classname="org.apache.bcel.classfile.Utility_ESTest" time="0.014"/>
  <testcase name="test170" classname="org.apache.bcel.classfile.Utility_ESTest" time="0.001"/>
  <testcase name="test291" classname="org.apache.bcel.classfile.Utility_ESTest" time="0.001"/>
  <testcase name="test290" classname="org.apache.bcel.classfile.Utility_ESTest" time="0"/>
  <testcase name="test049" classname="org.apache.bcel.classfile.Utility_ESTest" time="0.001"/>
  <testcase name="test048" classname="org.apache.bcel.classfile.Utility_ESTest" time="0.001"/>
  <testcase name="test169" classname="org.apache.bcel.classfile.Utility_ESTest" time="0"/>
  <testcase name="test047" classname="org.apache.bcel.classfile.Utility_ESTest" time="0.001"/>
  <testcase name="test168" classname="org.apache.bcel.classfile.Utility_ESTest" time="0.001"/>
  <testcase name="test289" classname="org.apache.bcel.classfile.Utility_ESTest" time="0.001"/>
  <testcase name="test046" classname="org.apache.bcel.classfile.Utility_ESTest" time="0"/>
  <testcase name="test167" classname="org.apache.bcel.classfile.Utility_ESTest" time="0.001"/>
  <testcase name="test288" classname="org.apache.bcel.classfile.Utility_ESTest" time="0.001"/>
  <testcase name="test045" classname="org.apache.bcel.classfile.Utility_ESTest" time="0.001"/>
  <testcase name="test166" classname="org.apache.bcel.classfile.Utility_ESTest" time="0"/>
  <testcase name="test287" classname="org.apache.bcel.classfile.Utility_ESTest" time="0.001"/>
  <testcase name="test044" classname="org.apache.bcel.classfile.Utility_ESTest" time="0.001"/>
  <testcase name="test165" classname="org.apache.bcel.classfile.Utility_ESTest" time="0.001"/>
  <testcase name="test286" classname="org.apache.bcel.classfile.Utility_ESTest" time="0"/>
  <testcase name="test043" classname="org.apache.bcel.classfile.Utility_ESTest" time="0.001"/>
  <testcase name="test164" classname="org.apache.bcel.classfile.Utility_ESTest" time="0.001"/>
  <testcase name="test285" classname="org.apache.bcel.classfile.Utility_ESTest" time="0.001"/>
  <testcase name="test042" classname="org.apache.bcel.classfile.Utility_ESTest" time="0.001"/>
  <testcase name="test163" classname="org.apache.bcel.classfile.Utility_ESTest" time="0"/>
  <testcase name="test284" classname="org.apache.bcel.classfile.Utility_ESTest" time="0.001"/>
  <testcase name="test041" classname="org.apache.bcel.classfile.Utility_ESTest" time="0.001"/>
  <testcase name="test162" classname="org.apache.bcel.classfile.Utility_ESTest" time="0.001"/>
  <testcase name="test283" classname="org.apache.bcel.classfile.Utility_ESTest" time="0"/>
  <testcase name="test040" classname="org.apache.bcel.classfile.Utility_ESTest" time="0.001"/>
  <testcase name="test161" classname="org.apache.bcel.classfile.Utility_ESTest" time="0.001"/>
  <testcase name="test282" classname="org.apache.bcel.classfile.Utility_ESTest" time="0.001"/>
  <testcase name="test160" classname="org.apache.bcel.classfile.Utility_ESTest" time="0.001"/>
  <testcase name="test281" classname="org.apache.bcel.classfile.Utility_ESTest" time="0.003"/>
  <testcase name="test280" classname="org.apache.bcel.classfile.Utility_ESTest" time="0.001"/>
  <testcase name="test039" classname="org.apache.bcel.classfile.Utility_ESTest" time="0.001"/>
  <testcase name="test038" classname="org.apache.bcel.classfile.Utility_ESTest" time="0.001"/>
  <testcase name="test159" classname="org.apache.bcel.classfile.Utility_ESTest" time="0.002"/>
  <testcase name="test037" classname="org.apache.bcel.classfile.Utility_ESTest" time="0.001"/>
  <testcase name="test158" classname="org.apache.bcel.classfile.Utility_ESTest" time="0.001"/>
  <testcase name="test279" classname="org.apache.bcel.classfile.Utility_ESTest" time="0.001"/>
  <testcase name="test036" classname="org.apache.bcel.classfile.Utility_ESTest" time="0.002"/>
  <testcase name="test157" classname="org.apache.bcel.classfile.Utility_ESTest" time="0.001"/>
  <testcase name="test278" classname="org.apache.bcel.classfile.Utility_ESTest" time="0.001"/>
  <testcase name="test399" classname="org.apache.bcel.classfile.Utility_ESTest" time="0.001"/>
  <testcase name="test035" classname="org.apache.bcel.classfile.Utility_ESTest" time="0.001"/>
  <testcase name="test156" classname="org.apache.bcel.classfile.Utility_ESTest" time="0.001"/>
  <testcase name="test277" classname="org.apache.bcel.classfile.Utility_ESTest" time="0.001"/>
  <testcase name="test398" classname="org.apache.bcel.classfile.Utility_ESTest" time="0"/>
  <testcase name="test111" classname="org.apache.bcel.classfile.Utility_ESTest" time="0.001"/>
  <testcase name="test232" classname="org.apache.bcel.classfile.Utility_ESTest" time="0.001"/>
  <testcase name="test353" classname="org.apache.bcel.classfile.Utility_ESTest" time="0.001"/>
  <testcase name="test474" classname="org.apache.bcel.classfile.Utility_ESTest" time="0"/>
  <testcase name="test110" classname="org.apache.bcel.classfile.Utility_ESTest" time="0.002"/>
  <testcase name="test231" classname="org.apache.bcel.classfile.Utility_ESTest" time="0"/>
  <testcase name="test352" classname="org.apache.bcel.classfile.Utility_ESTest" time="0.001"/>
  <testcase name="test473" classname="org.apache.bcel.classfile.Utility_ESTest" time="0.001"/>
  <testcase name="test230" classname="org.apache.bcel.classfile.Utility_ESTest" time="0.001"/>
  <testcase name="test351" classname="org.apache.bcel.classfile.Utility_ESTest" time="0.001"/>
  <testcase name="test472" classname="org.apache.bcel.classfile.Utility_ESTest" time="0"/>
  <testcase name="test350" classname="org.apache.bcel.classfile.Utility_ESTest" time="0.001"/>
  <testcase name="test471" classname="org.apache.bcel.classfile.Utility_ESTest" time="0.001"/>
  <testcase name="test470" classname="org.apache.bcel.classfile.Utility_ESTest" time="0.001"/>
  <testcase name="test109" classname="org.apache.bcel.classfile.Utility_ESTest" time="0.001"/>
  <testcase name="test108" classname="org.apache.bcel.classfile.Utility_ESTest" time="0.001"/>
  <testcase name="test229" classname="org.apache.bcel.classfile.Utility_ESTest" time="0.001"/>
  <testcase name="test107" classname="org.apache.bcel.classfile.Utility_ESTest" time="0.001"/>
  <testcase name="test228" classname="org.apache.bcel.classfile.Utility_ESTest" time="0"/>
  <testcase name="test349" classname="org.apache.bcel.classfile.Utility_ESTest" time="0.001"/>
  <testcase name="test106" classname="org.apache.bcel.classfile.Utility_ESTest" time="0.001"/>
  <testcase name="test227" classname="org.apache.bcel.classfile.Utility_ESTest" time="0.001"/>
  <testcase name="test348" classname="org.apache.bcel.classfile.Utility_ESTest" time="0.001"/>
  <testcase name="test469" classname="org.apache.bcel.classfile.Utility_ESTest" time="0.001"/>
  <testcase name="test105" classname="org.apache.bcel.classfile.Utility_ESTest" time="0.001"/>
  <testcase name="test226" classname="org.apache.bcel.classfile.Utility_ESTest" time="0.001"/>
  <testcase name="test347" classname="org.apache.bcel.classfile.Utility_ESTest" time="0"/>
  <testcase name="test468" classname="org.apache.bcel.classfile.Utility_ESTest" time="0.001"/>
  <testcase name="test104" classname="org.apache.bcel.classfile.Utility_ESTest" time="0.001"/>
  <testcase name="test225" classname="org.apache.bcel.classfile.Utility_ESTest" time="0.002"/>
  <testcase name="test346" classname="org.apache.bcel.classfile.Utility_ESTest" time="0.002"/>
  <testcase name="test467" classname="org.apache.bcel.classfile.Utility_ESTest" time="0.001"/>
  <testcase name="test103" classname="org.apache.bcel.classfile.Utility_ESTest" time="0.001"/>
  <testcase name="test224" classname="org.apache.bcel.classfile.Utility_ESTest" time="0.002"/>
  <testcase name="test345" classname="org.apache.bcel.classfile.Utility_ESTest" time="0.001"/>
  <testcase name="test466" classname="org.apache.bcel.classfile.Utility_ESTest" time="0.002"/>
  <testcase name="test102" classname="org.apache.bcel.classfile.Utility_ESTest" time="0.001"/>
  <testcase name="test223" classname="org.apache.bcel.classfile.Utility_ESTest" time="0.002"/>
  <testcase name="test344" classname="org.apache.bcel.classfile.Utility_ESTest" time="0.001"/>
  <testcase name="test465" classname="org.apache.bcel.classfile.Utility_ESTest" time="0.001"/>
  <testcase name="test101" classname="org.apache.bcel.classfile.Utility_ESTest" time="0.001"/>
  <testcase name="test222" classname="org.apache.bcel.classfile.Utility_ESTest" time="0.001"/>
  <testcase name="test343" classname="org.apache.bcel.classfile.Utility_ESTest" time="0.001"/>
  <testcase name="test464" classname="org.apache.bcel.classfile.Utility_ESTest" time="0.001"/>
  <testcase name="test100" classname="org.apache.bcel.classfile.Utility_ESTest" time="0.001"/>
  <testcase name="test221" classname="org.apache.bcel.classfile.Utility_ESTest" time="0.001"/>
  <testcase name="test342" classname="org.apache.bcel.classfile.Utility_ESTest" time="0.001"/>
  <testcase name="test463" classname="org.apache.bcel.classfile.Utility_ESTest" time="0.001"/>
  <testcase name="test220" classname="org.apache.bcel.classfile.Utility_ESTest" time="0.001"/>
  <testcase name="test341" classname="org.apache.bcel.classfile.Utility_ESTest" time="0"/>
  <testcase name="test462" classname="org.apache.bcel.classfile.Utility_ESTest" time="0.001"/>
  <testcase name="test340" classname="org.apache.bcel.classfile.Utility_ESTest" time="0.014"/>
  <testcase name="test461" classname="org.apache.bcel.classfile.Utility_ESTest" time="0"/>
  <testcase name="test460" classname="org.apache.bcel.classfile.Utility_ESTest" time="0.001"/>
  <testcase name="test219" classname="org.apache.bcel.classfile.Utility_ESTest" time="0.001"/>
  <testcase name="test218" classname="org.apache.bcel.classfile.Utility_ESTest" time="0.001"/>
  <testcase name="test339" classname="org.apache.bcel.classfile.Utility_ESTest" time="0"/>
  <testcase name="test217" classname="org.apache.bcel.classfile.Utility_ESTest" time="0.001"/>
  <testcase name="test338" classname="org.apache.bcel.classfile.Utility_ESTest" time="0.001"/>
  <testcase name="test459" classname="org.apache.bcel.classfile.Utility_ESTest" time="0"/>
  <testcase name="test216" classname="org.apache.bcel.classfile.Utility_ESTest" time="0.001"/>
  <testcase name="test337" classname="org.apache.bcel.classfile.Utility_ESTest" time="0.001"/>
  <testcase name="test458" classname="org.apache.bcel.classfile.Utility_ESTest" time="0.001"/>
  <testcase name="test215" classname="org.apache.bcel.classfile.Utility_ESTest" time="0.002"/>
  <testcase name="test336" classname="org.apache.bcel.classfile.Utility_ESTest" time="0"/>
  <testcase name="test457" classname="org.apache.bcel.classfile.Utility_ESTest" time="0.001"/>
  <testcase name="test214" classname="org.apache.bcel.classfile.Utility_ESTest" time="0.001"/>
  <testcase name="test335" classname="org.apache.bcel.classfile.Utility_ESTest" time="0"/>
  <testcase name="test456" classname="org.apache.bcel.classfile.Utility_ESTest" time="0.001"/>
  <testcase name="test213" classname="org.apache.bcel.classfile.Utility_ESTest" time="0.001"/>
  <testcase name="test334" classname="org.apache.bcel.classfile.Utility_ESTest" time="0.001"/>
  <testcase name="test455" classname="org.apache.bcel.classfile.Utility_ESTest" time="0"/>
  <testcase name="test212" classname="org.apache.bcel.classfile.Utility_ESTest" time="0.001"/>
  <testcase name="test333" classname="org.apache.bcel.classfile.Utility_ESTest" time="0.001"/>
  <testcase name="test454" classname="org.apache.bcel.classfile.Utility_ESTest" time="0.001"/>
  <testcase name="test211" classname="org.apache.bcel.classfile.Utility_ESTest" time="0.001"/>
  <testcase name="test332" classname="org.apache.bcel.classfile.Utility_ESTest" time="0.001"/>
  <testcase name="test453" classname="org.apache.bcel.classfile.Utility_ESTest" time="0"/>
  <testcase name="test012" classname="org.apache.bcel.classfile.Utility_ESTest" time="0.001"/>
  <testcase name="test133" classname="org.apache.bcel.classfile.Utility_ESTest" time="0.001"/>
  <testcase name="test254" classname="org.apache.bcel.classfile.Utility_ESTest" time="0.001"/>
  <testcase name="test375" classname="org.apache.bcel.classfile.Utility_ESTest" time="0"/>
  <testcase name="test496" classname="org.apache.bcel.classfile.Utility_ESTest" time="0.001"/>
  <testcase name="test011" classname="org.apache.bcel.classfile.Utility_ESTest" time="0.001"/>
  <testcase name="test132" classname="org.apache.bcel.classfile.Utility_ESTest" time="0.001"/>
  <testcase name="test253" classname="org.apache.bcel.classfile.Utility_ESTest" time="0"/>
  <testcase name="test374" classname="org.apache.bcel.classfile.Utility_ESTest" time="0.001"/>
  <testcase name="test495" classname="org.apache.bcel.classfile.Utility_ESTest" time="0.001"/>
  <testcase name="test010" classname="org.apache.bcel.classfile.Utility_ESTest" time="0.001"/>
  <testcase name="test131" classname="org.apache.bcel.classfile.Utility_ESTest" time="0.001"/>
  <testcase name="test252" classname="org.apache.bcel.classfile.Utility_ESTest" time="0"/>
  <testcase name="test373" classname="org.apache.bcel.classfile.Utility_ESTest" time="0.001"/>
  <testcase name="test494" classname="org.apache.bcel.classfile.Utility_ESTest" time="0.001"/>
  <testcase name="test130" classname="org.apache.bcel.classfile.Utility_ESTest" time="0.001"/>
  <testcase name="test251" classname="org.apache.bcel.classfile.Utility_ESTest" time="0"/>
  <testcase name="test372" classname="org.apache.bcel.classfile.Utility_ESTest" time="0.002"/>
  <testcase name="test493" classname="org.apache.bcel.classfile.Utility_ESTest" time="0"/>
  <testcase name="test250" classname="org.apache.bcel.classfile.Utility_ESTest" time="0.001"/>
  <testcase name="test371" classname="org.apache.bcel.classfile.Utility_ESTest" time="0.001"/>
  <testcase name="test492" classname="org.apache.bcel.classfile.Utility_ESTest" time="0"/>
  <testcase name="test370" classname="org.apache.bcel.classfile.Utility_ESTest" time="0.001"/>
  <testcase name="test491" classname="org.apache.bcel.classfile.Utility_ESTest" time="0.001"/>
  <testcase name="test490" classname="org.apache.bcel.classfile.Utility_ESTest" time="0.001"/>
  <testcase name="test009" classname="org.apache.bcel.classfile.Utility_ESTest" time="0.001"/>
  <testcase name="test008" classname="org.apache.bcel.classfile.Utility_ESTest" time="0.001"/>
  <testcase name="test129" classname="org.apache.bcel.classfile.Utility_ESTest" time="0.001"/>
  <testcase name="test007" classname="org.apache.bcel.classfile.Utility_ESTest" time="0.001"/>
  <testcase name="test128" classname="org.apache.bcel.classfile.Utility_ESTest" time="0"/>
  <testcase name="test249" classname="org.apache.bcel.classfile.Utility_ESTest" time="0.001"/>
  <testcase name="test006" classname="org.apache.bcel.classfile.Utility_ESTest" time="0.001"/>
  <testcase name="test127" classname="org.apache.bcel.classfile.Utility_ESTest" time="0.001"/>
  <testcase name="test248" classname="org.apache.bcel.classfile.Utility_ESTest" time="0"/>
  <testcase name="test369" classname="org.apache.bcel.classfile.Utility_ESTest" time="0.001"/>
  <testcase name="test005" classname="org.apache.bcel.classfile.Utility_ESTest" time="0.001"/>
  <testcase name="test126" classname="org.apache.bcel.classfile.Utility_ESTest" time="0.001"/>
  <testcase name="test247" classname="org.apache.bcel.classfile.Utility_ESTest" time="0.001"/>
  <testcase name="test368" classname="org.apache.bcel.classfile.Utility_ESTest" time="0.001"/>
  <testcase name="test489" classname="org.apache.bcel.classfile.Utility_ESTest" time="0.001"/>
  <testcase name="test004" classname="org.apache.bcel.classfile.Utility_ESTest" time="0"/>
  <testcase name="test125" classname="org.apache.bcel.classfile.Utility_ESTest" time="0.001"/>
  <testcase name="test246" classname="org.apache.bcel.classfile.Utility_ESTest" time="0.001"/>
  <testcase name="test367" classname="org.apache.bcel.classfile.Utility_ESTest" time="0.001"/>
  <testcase name="test488" classname="org.apache.bcel.classfile.Utility_ESTest" time="0.001"/>
  <testcase name="test003" classname="org.apache.bcel.classfile.Utility_ESTest" time="0"/>
  <testcase name="test124" classname="org.apache.bcel.classfile.Utility_ESTest" time="0.001"/>
  <testcase name="test245" classname="org.apache.bcel.classfile.Utility_ESTest" time="0.001"/>
  <testcase name="test366" classname="org.apache.bcel.classfile.Utility_ESTest" time="0"/>
  <testcase name="test487" classname="org.apache.bcel.classfile.Utility_ESTest" time="0.001"/>
  <testcase name="test002" classname="org.apache.bcel.classfile.Utility_ESTest" time="0.001"/>
  <testcase name="test123" classname="org.apache.bcel.classfile.Utility_ESTest" time="0.001"/>
  <testcase name="test244" classname="org.apache.bcel.classfile.Utility_ESTest" time="0.001"/>
  <testcase name="test365" classname="org.apache.bcel.classfile.Utility_ESTest" time="0.001"/>
  <testcase name="test486" classname="org.apache.bcel.classfile.Utility_ESTest" time="0.001"/>
  <testcase name="test001" classname="org.apache.bcel.classfile.Utility_ESTest" time="0.001"/>
  <testcase name="test122" classname="org.apache.bcel.classfile.Utility_ESTest" time="0"/>
  <testcase name="test243" classname="org.apache.bcel.classfile.Utility_ESTest" time="0.001"/>
  <testcase name="test364" classname="org.apache.bcel.classfile.Utility_ESTest" time="0.001"/>
  <testcase name="test485" classname="org.apache.bcel.classfile.Utility_ESTest" time="0.005"/>
  <testcase name="test000" classname="org.apache.bcel.classfile.Utility_ESTest" time="0.001"/>
  <testcase name="test121" classname="org.apache.bcel.classfile.Utility_ESTest" time="0.001"/>
  <testcase name="test242" classname="org.apache.bcel.classfile.Utility_ESTest" time="0"/>
  <testcase name="test363" classname="org.apache.bcel.classfile.Utility_ESTest" time="0.001"/>
  <testcase name="test484" classname="org.apache.bcel.classfile.Utility_ESTest" time="0.001"/>
  <testcase name="test120" classname="org.apache.bcel.classfile.Utility_ESTest" time="0.001"/>
  <testcase name="test241" classname="org.apache.bcel.classfile.Utility_ESTest" time="0.001"/>
  <testcase name="test362" classname="org.apache.bcel.classfile.Utility_ESTest" time="0.001"/>
  <testcase name="test483" classname="org.apache.bcel.classfile.Utility_ESTest" time="0.001"/>
  <testcase name="test240" classname="org.apache.bcel.classfile.Utility_ESTest" time="0.002"/>
  <testcase name="test361" classname="org.apache.bcel.classfile.Utility_ESTest" time="0.001"/>
  <testcase name="test482" classname="org.apache.bcel.classfile.Utility_ESTest" time="0.001"/>
  <testcase name="test360" classname="org.apache.bcel.classfile.Utility_ESTest" time="0.001"/>
  <testcase name="test481" classname="org.apache.bcel.classfile.Utility_ESTest" time="0.001"/>
  <testcase name="test480" classname="org.apache.bcel.classfile.Utility_ESTest" time="0.001"/>
  <testcase name="test119" classname="org.apache.bcel.classfile.Utility_ESTest" time="0.001"/>
  <testcase name="test118" classname="org.apache.bcel.classfile.Utility_ESTest" time="0.001"/>
  <testcase name="test239" classname="org.apache.bcel.classfile.Utility_ESTest" time="0.001"/>
  <testcase name="test117" classname="org.apache.bcel.classfile.Utility_ESTest" time="0.002"/>
  <testcase name="test238" classname="org.apache.bcel.classfile.Utility_ESTest" time="0.001"/>
  <testcase name="test359" classname="org.apache.bcel.classfile.Utility_ESTest" time="0.002"/>
  <testcase name="test116" classname="org.apache.bcel.classfile.Utility_ESTest" time="0.002"/>
  <testcase name="test237" classname="org.apache.bcel.classfile.Utility_ESTest" time="0.007"/>
  <testcase name="test358" classname="org.apache.bcel.classfile.Utility_ESTest" time="0.001"/>
  <testcase name="test479" classname="org.apache.bcel.classfile.Utility_ESTest" time="0"/>
  <testcase name="test115" classname="org.apache.bcel.classfile.Utility_ESTest" time="0.001"/>
  <testcase name="test236" classname="org.apache.bcel.classfile.Utility_ESTest" time="0.001"/>
  <testcase name="test357" classname="org.apache.bcel.classfile.Utility_ESTest" time="0.001"/>
  <testcase name="test478" classname="org.apache.bcel.classfile.Utility_ESTest" time="0.001"/>
  <testcase name="test114" classname="org.apache.bcel.classfile.Utility_ESTest" time="0.001"/>
  <testcase name="test235" classname="org.apache.bcel.classfile.Utility_ESTest" time="0.001"/>
  <testcase name="test356" classname="org.apache.bcel.classfile.Utility_ESTest" time="0.001"/>
  <testcase name="test477" classname="org.apache.bcel.classfile.Utility_ESTest" time="0.001"/>
  <testcase name="test113" classname="org.apache.bcel.classfile.Utility_ESTest" time="0.002"/>
  <testcase name="test234" classname="org.apache.bcel.classfile.Utility_ESTest" time="0"/>
  <testcase name="test355" classname="org.apache.bcel.classfile.Utility_ESTest" time="0.001"/>
  <testcase name="test476" classname="org.apache.bcel.classfile.Utility_ESTest" time="0.001"/>
  <testcase name="test112" classname="org.apache.bcel.classfile.Utility_ESTest" time="0.001"/>
  <testcase name="test233" classname="org.apache.bcel.classfile.Utility_ESTest" time="0.002"/>
  <testcase name="test354" classname="org.apache.bcel.classfile.Utility_ESTest" time="0.008"/>
  <testcase name="test475" classname="org.apache.bcel.classfile.Utility_ESTest" time="0.001"/>
  <testcase name="test430" classname="org.apache.bcel.classfile.Utility_ESTest" time="0.002"/>
  <testcase name="test309" classname="org.apache.bcel.classfile.Utility_ESTest" time="0.001"/>
  <testcase name="test308" classname="org.apache.bcel.classfile.Utility_ESTest" time="0.004"/>
  <testcase name="test429" classname="org.apache.bcel.classfile.Utility_ESTest" time="0.001"/>
  <testcase name="test307" classname="org.apache.bcel.classfile.Utility_ESTest" time="0.001"/>
  <testcase name="test428" classname="org.apache.bcel.classfile.Utility_ESTest" time="0.001"/>
  <testcase name="test306" classname="org.apache.bcel.classfile.Utility_ESTest" time="0.001"/>
  <testcase name="test427" classname="org.apache.bcel.classfile.Utility_ESTest" time="0"/>
  <testcase name="test305" classname="org.apache.bcel.classfile.Utility_ESTest" time="0.001"/>
  <testcase name="test426" classname="org.apache.bcel.classfile.Utility_ESTest" time="0.001"/>
  <testcase name="test304" classname="org.apache.bcel.classfile.Utility_ESTest" time="0.001"/>
  <testcase name="test425" classname="org.apache.bcel.classfile.Utility_ESTest" time="0.001"/>
  <testcase name="test303" classname="org.apache.bcel.classfile.Utility_ESTest" time="0.001"/>
  <testcase name="test424" classname="org.apache.bcel.classfile.Utility_ESTest" time="0"/>
  <testcase name="test302" classname="org.apache.bcel.classfile.Utility_ESTest" time="0.001"/>
  <testcase name="test423" classname="org.apache.bcel.classfile.Utility_ESTest" time="0.001"/>
  <testcase name="test301" classname="org.apache.bcel.classfile.Utility_ESTest" time="0.013"/>
  <testcase name="test422" classname="org.apache.bcel.classfile.Utility_ESTest" time="0.001"/>
  <testcase name="test300" classname="org.apache.bcel.classfile.Utility_ESTest" time="0"/>
  <testcase name="test421" classname="org.apache.bcel.classfile.Utility_ESTest" time="0.001"/>
  <testcase name="test420" classname="org.apache.bcel.classfile.Utility_ESTest" time="0.001"/>
  <testcase name="test419" classname="org.apache.bcel.classfile.Utility_ESTest" time="0"/>
  <testcase name="test418" classname="org.apache.bcel.classfile.Utility_ESTest" time="0.001"/>
  <testcase name="test417" classname="org.apache.bcel.classfile.Utility_ESTest" time="0.001"/>
  <testcase name="test416" classname="org.apache.bcel.classfile.Utility_ESTest" time="0.001"/>
  <testcase name="test415" classname="org.apache.bcel.classfile.Utility_ESTest" time="0"/>
  <testcase name="test414" classname="org.apache.bcel.classfile.Utility_ESTest" time="0.001"/>
  <testcase name="test413" classname="org.apache.bcel.classfile.Utility_ESTest" time="0.001"/>
  <testcase name="test412" classname="org.apache.bcel.classfile.Utility_ESTest" time="0.003"/>
  <testcase name="test411" classname="org.apache.bcel.classfile.Utility_ESTest" time="0.001"/>
  <testcase name="test410" classname="org.apache.bcel.classfile.Utility_ESTest" time="0.001"/>
  <testcase name="test210" classname="org.apache.bcel.classfile.Utility_ESTest" time="0.001"/>
  <testcase name="test331" classname="org.apache.bcel.classfile.Utility_ESTest" time="0"/>
  <testcase name="test452" classname="org.apache.bcel.classfile.Utility_ESTest" time="0.001"/>
  <testcase name="test330" classname="org.apache.bcel.classfile.Utility_ESTest" time="0.001"/>
  <testcase name="test451" classname="org.apache.bcel.classfile.Utility_ESTest" time="0.001"/>
  <testcase name="test450" classname="org.apache.bcel.classfile.Utility_ESTest" time="0"/>
  <testcase name="test209" classname="org.apache.bcel.classfile.Utility_ESTest" time="0.001"/>
  <testcase name="test208" classname="org.apache.bcel.classfile.Utility_ESTest" time="0.001"/>
  <testcase name="test329" classname="org.apache.bcel.classfile.Utility_ESTest" time="0.001"/>
  <testcase name="test207" classname="org.apache.bcel.classfile.Utility_ESTest" time="0.001"/>
  <testcase name="test328" classname="org.apache.bcel.classfile.Utility_ESTest" time="0.001"/>
  <testcase name="test449" classname="org.apache.bcel.classfile.Utility_ESTest" time="0"/>
  <testcase name="test206" classname="org.apache.bcel.classfile.Utility_ESTest" time="0.001"/>
  <testcase name="test327" classname="org.apache.bcel.classfile.Utility_ESTest" time="0.001"/>
  <testcase name="test448" classname="org.apache.bcel.classfile.Utility_ESTest" time="0.001"/>
  <testcase name="test205" classname="org.apache.bcel.classfile.Utility_ESTest" time="0.001"/>
  <testcase name="test326" classname="org.apache.bcel.classfile.Utility_ESTest" time="0.001"/>
  <testcase name="test447" classname="org.apache.bcel.classfile.Utility_ESTest" time="0"/>
  <testcase name="test204" classname="org.apache.bcel.classfile.Utility_ESTest" time="0.001"/>
  <testcase name="test325" classname="org.apache.bcel.classfile.Utility_ESTest" time="0.001"/>
  <testcase name="test446" classname="org.apache.bcel.classfile.Utility_ESTest" time="0.001"/>
  <testcase name="test203" classname="org.apache.bcel.classfile.Utility_ESTest" time="0.001"/>
  <testcase name="test324" classname="org.apache.bcel.classfile.Utility_ESTest" time="0"/>
  <testcase name="test445" classname="org.apache.bcel.classfile.Utility_ESTest" time="0.001"/>
  <testcase name="test202" classname="org.apache.bcel.classfile.Utility_ESTest" time="0.001"/>
  <testcase name="test323" classname="org.apache.bcel.classfile.Utility_ESTest" time="0.001"/>
  <testcase name="test444" classname="org.apache.bcel.classfile.Utility_ESTest" time="0.001"/>
  <testcase name="test201" classname="org.apache.bcel.classfile.Utility_ESTest" time="0.001"/>
  <testcase name="test322" classname="org.apache.bcel.classfile.Utility_ESTest" time="0.001"/>
  <testcase name="test443" classname="org.apache.bcel.classfile.Utility_ESTest" time="0.001"/>
  <testcase name="test200" classname="org.apache.bcel.classfile.Utility_ESTest" time="0"/>
  <testcase name="test321" classname="org.apache.bcel.classfile.Utility_ESTest" time="0.001"/>
  <testcase name="test442" classname="org.apache.bcel.classfile.Utility_ESTest" time="0.001"/>
  <testcase name="test320" classname="org.apache.bcel.classfile.Utility_ESTest" time="0.001"/>
  <testcase name="test441" classname="org.apache.bcel.classfile.Utility_ESTest" time="0"/>
  <testcase name="test440" classname="org.apache.bcel.classfile.Utility_ESTest" time="0.001"/>
  <testcase name="test319" classname="org.apache.bcel.classfile.Utility_ESTest" time="0.001"/>
  <testcase name="test318" classname="org.apache.bcel.classfile.Utility_ESTest" time="0.001"/>
  <testcase name="test439" classname="org.apache.bcel.classfile.Utility_ESTest" time="0.001"/>
  <testcase name="test317" classname="org.apache.bcel.classfile.Utility_ESTest" time="0.001"/>
  <testcase name="test438" classname="org.apache.bcel.classfile.Utility_ESTest" time="0"/>
  <testcase name="test316" classname="org.apache.bcel.classfile.Utility_ESTest" time="0.001"/>
  <testcase name="test437" classname="org.apache.bcel.classfile.Utility_ESTest" time="0.001"/>
  <testcase name="test315" classname="org.apache.bcel.classfile.Utility_ESTest" time="0.001"/>
  <testcase name="test436" classname="org.apache.bcel.classfile.Utility_ESTest" time="0.001"/>
  <testcase name="test314" classname="org.apache.bcel.classfile.Utility_ESTest" time="0.001"/>
  <testcase name="test435" classname="org.apache.bcel.classfile.Utility_ESTest" time="0.001"/>
  <testcase name="test313" classname="org.apache.bcel.classfile.Utility_ESTest" time="0"/>
  <testcase name="test434" classname="org.apache.bcel.classfile.Utility_ESTest" time="0.001"/>
  <testcase name="test312" classname="org.apache.bcel.classfile.Utility_ESTest" time="0.001"/>
  <testcase name="test433" classname="org.apache.bcel.classfile.Utility_ESTest" time="0.001"/>
  <testcase name="test311" classname="org.apache.bcel.classfile.Utility_ESTest" time="0.006"/>
  <testcase name="test432" classname="org.apache.bcel.classfile.Utility_ESTest" time="0.001"/>
  <testcase name="test310" classname="org.apache.bcel.classfile.Utility_ESTest" time="0.001"/>
  <testcase name="test431" classname="org.apache.bcel.classfile.Utility_ESTest" time="0"/>
  <testcase name="test508" classname="org.apache.bcel.classfile.Utility_ESTest" time="0.001"/>
  <testcase name="test507" classname="org.apache.bcel.classfile.Utility_ESTest" time="0.001"/>
  <testcase name="test506" classname="org.apache.bcel.classfile.Utility_ESTest" time="0.001"/>
  <testcase name="test505" classname="org.apache.bcel.classfile.Utility_ESTest" time="0.008"/>
  <testcase name="test504" classname="org.apache.bcel.classfile.Utility_ESTest" time="0.001"/>
  <testcase name="test503" classname="org.apache.bcel.classfile.Utility_ESTest" time="0.001"/>
  <testcase name="test502" classname="org.apache.bcel.classfile.Utility_ESTest" time="0.002"/>
  <testcase name="test501" classname="org.apache.bcel.classfile.Utility_ESTest" time="0.001"/>
  <testcase name="test500" classname="org.apache.bcel.classfile.Utility_ESTest" time="0.001"/>
  <testcase name="test409" classname="org.apache.bcel.classfile.Utility_ESTest" time="0.001"/>
  <testcase name="test408" classname="org.apache.bcel.classfile.Utility_ESTest" time="0.001"/>
  <testcase name="test407" classname="org.apache.bcel.classfile.Utility_ESTest" time="0.001"/>
  <testcase name="test406" classname="org.apache.bcel.classfile.Utility_ESTest" time="0.006"/>
  <testcase name="test405" classname="org.apache.bcel.classfile.Utility_ESTest" time="0.001"/>
  <testcase name="test404" classname="org.apache.bcel.classfile.Utility_ESTest" time="0.002"/>
  <testcase name="test403" classname="org.apache.bcel.classfile.Utility_ESTest" time="0.001"/>
  <testcase name="test402" classname="org.apache.bcel.classfile.Utility_ESTest" time="0.001"/>
  <testcase name="test401" classname="org.apache.bcel.classfile.Utility_ESTest" time="0.001"/>
  <testcase name="test400" classname="org.apache.bcel.classfile.Utility_ESTest" time="0.001"/>
</testsuite>